INFO-FLOW: Workspace D:/Aeld_data/IP_Creation/unique_paths/solution1 opened at Sat Dec 02 15:45:58 +0530 2023
Execute     config_clock -quiet -name default -period 10 -default=false 
INFO: [SYN 201-201] Setting up clock 'default' with a period of 10ns.
Execute     config_clock -quiet -name default -uncertainty 1.25 
INFO: [SYN 201-201] Setting up clock 'default' with an uncertainty of 1.25ns.
Execute     open_platform DefaultPlatform 
Execute     import_lib D:/Xilinx/Vivado/2019.1/common/technology/xilinx/zynq/zynq 
Execute       source D:/Xilinx/Vivado/2019.1/common/technology/xilinx/common/xilinx.lib 
Execute         source D:/Xilinx/Vivado/2019.1/common/technology/xilinx/interface/xilinx_interface.lib 
Execute           source D:/Xilinx/Vivado/2019.1/common/technology/xilinx/interface/plb46.lib 
Execute           source D:/Xilinx/Vivado/2019.1/common/technology/xilinx/interface/fsl.lib 
Execute           source D:/Xilinx/Vivado/2019.1/common/technology/xilinx/interface/axi4.lib 
Execute           source D:/Xilinx/Vivado/2019.1/common/technology/xilinx/interface/maxi.lib 
Execute           source D:/Xilinx/Vivado/2019.1/common/technology/xilinx/interface/saxilite.lib 
Execute         source D:/Xilinx/Vivado/2019.1/common/technology/xilinx/common/dsp48.lib 
Execute         source D:/Xilinx/Vivado/2019.1/common/technology/xilinx/ip/dds_compiler.lib 
Execute         source D:/Xilinx/Vivado/2019.1/common/technology/xilinx/ip/xfft.lib 
Execute         source D:/Xilinx/Vivado/2019.1/common/technology/xilinx/ip/xfir.lib 
Execute       source D:/Xilinx/Vivado/2019.1/common/technology/xilinx/common/xilinx.hlp 
Execute         source D:/Xilinx/Vivado/2019.1/common/technology/xilinx/common/target_info.tcl 
Execute         source D:/Xilinx/Vivado/2019.1/common/technology/xilinx/interface/xilinx_interface.hlp 
Execute           source D:/Xilinx/Vivado/2019.1/common/technology/xilinx/interface/maxi.hlp 
Execute           source D:/Xilinx/Vivado/2019.1/common/technology/xilinx/interface/saxilite.hlp 
Execute         source D:/Xilinx/Vivado/2019.1/common/technology/xilinx/common/dsp48.hlp 
Execute       source D:/Xilinx/Vivado/2019.1/common/technology/xilinx/zynq/dsp48e1.hlp 
Execute       source D:/Xilinx/Vivado/2019.1/common/technology/xilinx/common/xilinx.hlp 
Execute         source D:/Xilinx/Vivado/2019.1/common/technology/xilinx/common/target_info.tcl 
Execute         source D:/Xilinx/Vivado/2019.1/common/technology/xilinx/interface/xilinx_interface.hlp 
Execute           source D:/Xilinx/Vivado/2019.1/common/technology/xilinx/interface/maxi.hlp 
Execute           source D:/Xilinx/Vivado/2019.1/common/technology/xilinx/interface/saxilite.hlp 
Execute         source D:/Xilinx/Vivado/2019.1/common/technology/xilinx/common/dsp48.hlp 
Execute     source D:/Xilinx/Vivado/2019.1/common/technology/xilinx/zynq/zynq.gen 
Execute       source D:/Xilinx/Vivado/2019.1/common/technology/xilinx/common/xilinx.gen 
Execute         source D:/Xilinx/Vivado/2019.1/common/technology/xilinx/interface/plb46.gen 
Execute         source D:/Xilinx/Vivado/2019.1/common/technology/xilinx/interface/fsl.gen 
Execute         source D:/Xilinx/Vivado/2019.1/common/technology/xilinx/interface/axi4.gen 
Execute         source D:/Xilinx/Vivado/2019.1/common/technology/xilinx/interface/nativeAXI4.gen 
Execute           source D:/Xilinx/Vivado/2019.1/common/technology/xilinx/interface/saxilite.gen 
Execute           source D:/Xilinx/Vivado/2019.1/common/technology/xilinx/interface/maxi.gen 
Execute         source D:/Xilinx/Vivado/2019.1/common/technology/xilinx/scripts/xilinxcoregen.gen 
Execute         source D:/Xilinx/Vivado/2019.1/common/technology/xilinx/interface/XilEDKCoreGen.gen 
Execute         source D:/Xilinx/Vivado/2019.1/common/technology/xilinx/ip/dds_compiler.gen 
Execute         source D:/Xilinx/Vivado/2019.1/common/technology/xilinx/ip/util.gen 
Execute         source D:/Xilinx/Vivado/2019.1/common/technology/xilinx/ip/xfft.gen 
Command         ap_source done; 0.115 sec.
Execute         source D:/Xilinx/Vivado/2019.1/common/technology/xilinx/ip/xfir.gen 
Execute         source D:/Xilinx/Vivado/2019.1/common/technology/xilinx/common/dsp48.gen 
Command       ap_source done; 0.175 sec.
Command     ap_source done; 0.175 sec.
Execute     open_platform DefaultPlatform 
Execute     import_lib D:/Xilinx/Vivado/2019.1/common/technology/xilinx/zynq/zynq_fpv6 
Execute       source D:/Xilinx/Vivado/2019.1/common/technology/xilinx/common/xilinx_fp.lib 
Execute       source D:/Xilinx/Vivado/2019.1/common/technology/xilinx/common/xilinx_fp.hlp 
Execute         source D:/Xilinx/Vivado/2019.1/common/technology/xilinx/common/xilinx.hlp 
Execute           source D:/Xilinx/Vivado/2019.1/common/technology/xilinx/common/target_info.tcl 
Execute           source D:/Xilinx/Vivado/2019.1/common/technology/xilinx/interface/xilinx_interface.hlp 
Execute             source D:/Xilinx/Vivado/2019.1/common/technology/xilinx/interface/maxi.hlp 
Execute             source D:/Xilinx/Vivado/2019.1/common/technology/xilinx/interface/saxilite.hlp 
Execute           source D:/Xilinx/Vivado/2019.1/common/technology/xilinx/common/dsp48.hlp 
Execute     source D:/Xilinx/Vivado/2019.1/common/technology/xilinx/zynq/zynq_fpv6.gen 
Execute       source D:/Xilinx/Vivado/2019.1/common/technology/xilinx/common/xilinx_fp.gen 
Execute     set_part xc7z020-clg484-1 
Execute       ap_part_info -name xc7z020-clg484-1 -data single -quiet 
Command       ap_part_info done; 0.786 sec.
Execute       ap_part_info -name xc7z020-clg484-1 -data info 
Execute       add_library xilinx/zynq/zynq:xc7z020:-clg484:-1 
Execute         get_default_platform 
Execute         license_isbetapart xc7z020 
Command         license_isbetapart done; error code: 1; 0.473 sec.
Execute         ap_part_info -data single -name xc7z020-clg484-1 
Execute         ap_part_info -name xc7z020-clg484-1 -data resources 
Execute         ap_part_info -name xc7z020-clg484-1 -data info 
Execute         ap_part_info -name xc7z020-clg484-1 -data info 
Execute         config_chip_info -quiet -resource {SLICE 13300} {LUT 53200} {FF 106400} {DSP48E 220} {BRAM 280} {URAM 0} 
Execute         ap_part_info -name xc7z020-clg484-1 -data info 
Execute         config_chip_info -quiet -speed slow 
Command       add_library done; 0.521 sec.
Execute       add_library xilinx/zynq/zynq_fpv6 
Execute         get_default_platform 
Execute         open_platform DefaultPlatform 
Execute         import_lib D:/Xilinx/Vivado/2019.1/common/technology/xilinx/zynq/zynq_fpv6 
Execute           source D:/Xilinx/Vivado/2019.1/common/technology/xilinx/common/xilinx_fp.lib 
Execute           source D:/Xilinx/Vivado/2019.1/common/technology/xilinx/common/xilinx_fp.hlp 
Execute             source D:/Xilinx/Vivado/2019.1/common/technology/xilinx/common/xilinx.hlp 
Execute               source D:/Xilinx/Vivado/2019.1/common/technology/xilinx/common/target_info.tcl 
Execute               source D:/Xilinx/Vivado/2019.1/common/technology/xilinx/interface/xilinx_interface.hlp 
Execute                 source D:/Xilinx/Vivado/2019.1/common/technology/xilinx/interface/maxi.hlp 
Execute                 source D:/Xilinx/Vivado/2019.1/common/technology/xilinx/interface/saxilite.hlp 
Execute               source D:/Xilinx/Vivado/2019.1/common/technology/xilinx/common/dsp48.hlp 
Execute         source D:/Xilinx/Vivado/2019.1/common/technology/xilinx/zynq/zynq_fpv6.gen 
Execute           source D:/Xilinx/Vivado/2019.1/common/technology/xilinx/common/xilinx_fp.gen 
INFO: [HLS 200-10] Setting target device to 'xc7z020-clg484-1'
Execute       ap_part_info -name xc7z020-clg484-1 -data info 
Execute       get_default_platform 
Command     set_part done; 1.455 sec.
Execute     ap_part_info -data single -name xc7z020-clg484-1 
Execute     ap_part_info -name xc7z020-clg484-1 -data resources 
Execute     ap_part_info -name xc7z020-clg484-1 -data info 
Execute     ap_part_info -name xc7z020-clg484-1 -data info 
Execute     config_chip_info -quiet -resource {SLICE 13300} {LUT 53200} {FF 106400} {DSP48E 220} {BRAM 280} {URAM 0} 
Execute     ap_part_info -name xc7z020-clg484-1 -data info 
Execute     config_chip_info -quiet -speed slow 
Command   open_solution done; 1.819 sec.
Execute   set_part xc7z020clg484-1 -tool vivado 
Execute     ap_part_info -name xc7z020clg484-1 -data single -quiet 
Execute     ap_part_info -name xc7z020clg484-1 -data info 
Execute     add_library xilinx/zynq/zynq:xc7z020:-clg484:-1 
Execute       get_default_platform 
Execute       license_isbetapart xc7z020 
Command       license_isbetapart done; error code: 1; 
Execute       ap_part_info -data single -name xc7z020-clg484-1 
Execute       ap_part_info -name xc7z020-clg484-1 -data resources 
Execute       ap_part_info -name xc7z020-clg484-1 -data info 
Execute       ap_part_info -name xc7z020-clg484-1 -data info 
Execute       config_chip_info -quiet -resource {SLICE 13300} {LUT 53200} {FF 106400} {DSP48E 220} {BRAM 280} {URAM 0} 
Execute       ap_part_info -name xc7z020-clg484-1 -data info 
Execute       config_chip_info -quiet -speed slow 
Execute     add_library xilinx/zynq/zynq_fpv6 
Execute       get_default_platform 
Execute       open_platform DefaultPlatform 
Execute       import_lib D:/Xilinx/Vivado/2019.1/common/technology/xilinx/zynq/zynq_fpv6 
Execute         source D:/Xilinx/Vivado/2019.1/common/technology/xilinx/common/xilinx_fp.lib 
Execute         source D:/Xilinx/Vivado/2019.1/common/technology/xilinx/common/xilinx_fp.hlp 
Execute           source D:/Xilinx/Vivado/2019.1/common/technology/xilinx/common/xilinx.hlp 
Execute             source D:/Xilinx/Vivado/2019.1/common/technology/xilinx/common/target_info.tcl 
Execute             source D:/Xilinx/Vivado/2019.1/common/technology/xilinx/interface/xilinx_interface.hlp 
Execute               source D:/Xilinx/Vivado/2019.1/common/technology/xilinx/interface/maxi.hlp 
Execute               source D:/Xilinx/Vivado/2019.1/common/technology/xilinx/interface/saxilite.hlp 
Execute             source D:/Xilinx/Vivado/2019.1/common/technology/xilinx/common/dsp48.hlp 
Execute       source D:/Xilinx/Vivado/2019.1/common/technology/xilinx/zynq/zynq_fpv6.gen 
Execute         source D:/Xilinx/Vivado/2019.1/common/technology/xilinx/common/xilinx_fp.gen 
Execute     ap_part_info -name xc7z020-clg484-1 -data info 
Execute     get_default_platform 
Command   set_part done; 0.163 sec.
Execute   create_clock -period 10 -name default 
Execute   set_clock_uncertainty 1.25 
Execute   csynth_design 
Execute     get_config_compile -dump_cfg 
Execute     get_config_compile -effort 
Execute     get_config_compile -enable_clang39 
Execute     get_config_compile -g 
Execute     get_config_compile -ng 
Execute     get_config_compile -opt_fp 
Execute     get_config_compile -skip_cdt 
Execute     get_config_compile -skip_syncheck 
Execute     get_config_compile -skip_transform 
Execute     get_config_compile -keep_printf 
Execute     elaborate -effort=medium -skip_syncheck=0 -keep_printf=0 -skip_cdt=0 -skip_transform=0 -ng=0 -g=0 -opt_fp=0 -from_csynth_design=1 
Execute       get_config_schedule -relax_ii_for_timing 
INFO: [SCHED 204-61] Option 'relax_ii_for_timing' is enabled, will increase II to preserve clock frequency constraints.
Execute       get_config_schedule -suppress_dependence_error_break 
INFO: [HLS 200-10] Analyzing design file 'unique_paths/main.c' ... 
INFO-FLOW: Compiling one TU...
Execute       is_m_axi_addr64 
INFO-FLOW: Handling unique_paths/main.c as C
Execute       ap_part_info -name xc7z020-clg484-1 -data info 
Execute       is_encrypted unique_paths/main.c 
INFO-FLOW: Running: GCC PP
INFO-FLOW: Source preprocessing
Execute       clang  -fno-limit-debug-info -gcc-toolchain "D:/Xilinx/Vivado/2019.1/msys" -hls  -fno-exceptions  -D__llvm__  -E "unique_paths/main.c"     -fno-math-errno -c -emit-llvm -O0  -mllvm -disable-llvm-optzns -std=gnu89   -DAESL_SYN -D__SYNTHESIS__ -D__HLS_SYN__ -I "D:/Xilinx/Vivado/2019.1/common/technology/autopilot" -I "D:/Xilinx/Vivado/2019.1/common/technology/autopilot/ap_sysc" -include etc/autopilot_ssdm_op.h -D__DSP48E1__ -D__cdecl=  -o "D:/Aeld_data/IP_Creation/unique_paths/solution1/.autopilot/db/main.pp.0.c" 
INFO-FLOW: exec D:/Xilinx/Vivado/2019.1/win64/tools/clang/bin/clang -fno-limit-debug-info -gcc-toolchain D:/Xilinx/Vivado/2019.1/msys -hls -fno-exceptions -D__llvm__ -E unique_paths/main.c -fno-math-errno -c -emit-llvm -O0 -mllvm -disable-llvm-optzns -std=gnu89 -DAESL_SYN -D__SYNTHESIS__ -D__HLS_SYN__ -I D:/Xilinx/Vivado/2019.1/common/technology/autopilot -I D:/Xilinx/Vivado/2019.1/common/technology/autopilot/ap_sysc -include etc/autopilot_ssdm_op.h -D__DSP48E1__ -D__cdecl= -o D:/Aeld_data/IP_Creation/unique_paths/solution1/.autopilot/db/main.pp.0.c
Command       clang done; 3.385 sec.
Execute       tidy_31 xilinx-xfmat-array-geometry D:/Aeld_data/IP_Creation/unique_paths/solution1/.autopilot/db/main.pp.0.c std=gnu89 
INFO-FLOW: exec D:/Xilinx/Vivado/2019.1/win64/tools/clang-3.9-csynth/bin/tidy-3.1 -header-filter=.* -checks=-*,xilinx-xfmat-array-geometry -quiet -fix D:/Aeld_data/IP_Creation/unique_paths/solution1/.autopilot/db/main.pp.0.c -- -std=gnu89 -fhls -ferror-limit=0
Command       tidy_31 done; 1.954 sec.
INFO-FLOW: Syntax Checking before pre-processing...
Execute       clang -syntaxcheck -src D:/Aeld_data/IP_Creation/unique_paths/solution1/.autopilot/db/main.pp.0.c  -fno-limit-debug-info -gcc-toolchain "D:/Xilinx/Vivado/2019.1/msys" -hls    -fno-math-errno -c -emit-llvm -O0  -mllvm -disable-llvm-optzns -std=gnu89   -DAESL_SYN -D__SYNTHESIS__ -D__HLS_SYN__ -I "D:/Xilinx/Vivado/2019.1/common/technology/autopilot" -I "D:/Xilinx/Vivado/2019.1/common/technology/autopilot/ap_sysc" -include etc/autopilot_ssdm_op.h -D__DSP48E1__ -D__cdecl=  "D:/Aeld_data/IP_Creation/unique_paths/solution1/.autopilot/db/main.pp.0.c"  -o "D:/Aeld_data/IP_Creation/unique_paths/solution1/.autopilot/db/useless.bc"  
INFO-FLOW: exec D:/Xilinx/Vivado/2019.1/win64/tools/clang/bin/clang -fno-limit-debug-info -gcc-toolchain D:/Xilinx/Vivado/2019.1/msys -hls -fno-math-errno -c -emit-llvm -O0 -mllvm -disable-llvm-optzns -std=gnu89 -DAESL_SYN -D__SYNTHESIS__ -D__HLS_SYN__ -I D:/Xilinx/Vivado/2019.1/common/technology/autopilot -I D:/Xilinx/Vivado/2019.1/common/technology/autopilot/ap_sysc -include etc/autopilot_ssdm_op.h -D__DSP48E1__ -D__cdecl= D:/Aeld_data/IP_Creation/unique_paths/solution1/.autopilot/db/main.pp.0.c -o D:/Aeld_data/IP_Creation/unique_paths/solution1/.autopilot/db/useless.bc
Command       clang done; 3.103 sec.
INFO-FLOW: Done: GCC PP time: 8.5 seconds per iteration
Execute       source D:/Xilinx/Vivado/2019.1/tps/tcl/tcllib1.11.1/yaml/huddle.tcl 
Execute       source D:/Xilinx/Vivado/2019.1/tps/tcl/tcllib1.11.1/yaml/json2huddle.tcl 
Execute         source D:/Xilinx/Vivado/2019.1/tps/tcl/tcllib1.11.1/try/try.tcl 
Execute       list_core -type functional_unit 
Execute       tidy_31 xilinx-systemc-detector D:/Aeld_data/IP_Creation/unique_paths/solution1/.autopilot/db/main.pp.0.c std=gnu89 -directive=D:/Aeld_data/IP_Creation/unique_paths/solution1/.autopilot/db/.systemc_flag 
INFO-FLOW: exec D:/Xilinx/Vivado/2019.1/win64/tools/clang-3.9-csynth/bin/tidy-3.1 -header-filter=.* -checks=-*,xilinx-systemc-detector -import-directive=D:/Aeld_data/IP_Creation/unique_paths/solution1/.autopilot/db/.systemc_flag -quiet -fix-errors D:/Aeld_data/IP_Creation/unique_paths/solution1/.autopilot/db/main.pp.0.c -- -std=gnu89 -fhls -ferror-limit=0
Command       tidy_31 done; 0.178 sec.
INFO-FLOW: Running: tidy-3.1 CDT preprocess
Execute       tidy_31 xilinx-directive2pragma D:/Aeld_data/IP_Creation/unique_paths/solution1/.autopilot/db/main.pp.0.c std=gnu89 -directive=D:/Aeld_data/IP_Creation/unique_paths/solution1/.autopilot/db/all.directive.json 
INFO-FLOW: exec D:/Xilinx/Vivado/2019.1/win64/tools/clang-3.9-csynth/bin/tidy-3.1 -header-filter=.* -checks=-*,xilinx-directive2pragma -import-directive=D:/Aeld_data/IP_Creation/unique_paths/solution1/.autopilot/db/all.directive.json -quiet -fix-errors D:/Aeld_data/IP_Creation/unique_paths/solution1/.autopilot/db/main.pp.0.c -- -std=gnu89 -fhls -ferror-limit=0
Execute       get_config_dataflow -strict_mode 
Execute       ap_eval exec -ignorestderr D:/Xilinx/Vivado/2019.1/win64/tools/clang-3.9-csynth/bin/xilinx-dataflow-lawyer -export-fixes=D:/Aeld_data/IP_Creation/unique_paths/solution1/.autopilot/db/xilinx-dataflow-lawyer.main.pp.0.c.diag.yml D:/Aeld_data/IP_Creation/unique_paths/solution1/.autopilot/db/main.pp.0.c -- -std=gnu99 -fhls -ferror-limit=0 -fstrict-dataflow > D:/Aeld_data/IP_Creation/unique_paths/solution1/.autopilot/db/xilinx-dataflow-lawyer.main.pp.0.c.out.log 2> D:/Aeld_data/IP_Creation/unique_paths/solution1/.autopilot/db/xilinx-dataflow-lawyer.main.pp.0.c.err.log 
Command       ap_eval done; 0.821 sec.
Execute       tidy_31 -errorcheck xilinx-constantarray-param,xilinx-resource-pragma-transformer,xilinx-xfmat-array-geometry D:/Aeld_data/IP_Creation/unique_paths/solution1/.autopilot/db/main.pp.0.c std=gnu89 
Execute         ap_eval exec -ignorestderr D:/Xilinx/Vivado/2019.1/win64/tools/clang-3.9-csynth/bin/tidy-3.1 -export-fixes=D:/Aeld_data/IP_Creation/unique_paths/solution1/.autopilot/db/tidy-3.1.main.pp.0.c.diag.yml -header-filter=.* -checks=-*,xilinx-constantarray-param,xilinx-resource-pragma-transformer,xilinx-xfmat-array-geometry -quiet -fix-errors D:/Aeld_data/IP_Creation/unique_paths/solution1/.autopilot/db/main.pp.0.c -- -std=gnu89 -fhls -ferror-limit=0 > D:/Aeld_data/IP_Creation/unique_paths/solution1/.autopilot/db/tidy-3.1.main.pp.0.c.out.log 2> D:/Aeld_data/IP_Creation/unique_paths/solution1/.autopilot/db/tidy-3.1.main.pp.0.c.err.log 
Command         ap_eval done; 0.389 sec.
Execute         source D:/Xilinx/Vivado/2019.1/tps/tcl/tcllib1.11.1/yaml/yaml.tcl 
Execute           source D:/Xilinx/Vivado/2019.1/tps/tcl/tcllib1.11.1/cmdline/cmdline.tcl 
Execute         ap_eval exec -ignorestderr D:/Xilinx/Vivado/2019.1/win64/tools/clang-3.9-csynth/bin/xilinx-legacy-rewriter D:/Aeld_data/IP_Creation/unique_paths/solution1/.autopilot/db/main.pp.0.c -- -std=gnu89 -fhls -ferror-limit=0 > D:/Aeld_data/IP_Creation/unique_paths/solution1/.autopilot/db/xilinx-legacy-rewriter.main.pp.0.c.out.log 2> D:/Aeld_data/IP_Creation/unique_paths/solution1/.autopilot/db/xilinx-legacy-rewriter.main.pp.0.c.err.log 
Command         ap_eval done; 0.76 sec.
Command       tidy_31 done; 1.274 sec.
INFO-FLOW: Done: tidy-3.1 CDT preprocess time: 2.2 seconds per iteration
INFO-FLOW: Pragma Handling...
Execute       tidy_31 xilinx-ssdm-intrinsics-arguments D:/Aeld_data/IP_Creation/unique_paths/solution1/.autopilot/db/main.pragma.1.c std=gnu89 
INFO-FLOW: exec D:/Xilinx/Vivado/2019.1/win64/tools/clang-3.9-csynth/bin/tidy-3.1 -header-filter=.* -checks=-*,xilinx-ssdm-intrinsics-arguments -quiet -fix-errors D:/Aeld_data/IP_Creation/unique_paths/solution1/.autopilot/db/main.pragma.1.c -- -std=gnu89 -fhls -ferror-limit=0
Command       tidy_31 done; 0.18 sec.
Execute       ap_part_info -name xc7z020-clg484-1 -data info 
INFO-FLOW: Processing labels
Execute       clang -src D:/Aeld_data/IP_Creation/unique_paths/solution1/.autopilot/db/main.pragma.2.c  -fno-limit-debug-info -gcc-toolchain D:/Xilinx/Vivado/2019.1/msys -hls -hls-analyze-label -hls-analyze-pragma -fno-exceptions  -D__llvm__  -w  "D:/Aeld_data/IP_Creation/unique_paths/solution1/.autopilot/db/main.pragma.2.c"    -fno-math-errno -c -emit-llvm -O0  -mllvm -disable-llvm-optzns -std=gnu89  -DAESL_SYN -D__SYNTHESIS__ -D__HLS_SYN__ -I "D:/Xilinx/Vivado/2019.1/common/technology/autopilot" -I "D:/Xilinx/Vivado/2019.1/common/technology/autopilot/ap_sysc" -include etc/autopilot_ssdm_op.h -D__DSP48E1__ -g -o "D:/Aeld_data/IP_Creation/unique_paths/solution1/.autopilot/db/main.bc" 
INFO-FLOW: exec D:/Xilinx/Vivado/2019.1/win64/tools/clang/bin/clang -fno-limit-debug-info -gcc-toolchain D:/Xilinx/Vivado/2019.1/msys -hls -hls-analyze-label -hls-analyze-pragma -fno-exceptions -D__llvm__ -w D:/Aeld_data/IP_Creation/unique_paths/solution1/.autopilot/db/main.pragma.2.c -fno-math-errno -c -emit-llvm -O0 -mllvm -disable-llvm-optzns -std=gnu89 -DAESL_SYN -D__SYNTHESIS__ -D__HLS_SYN__ -I D:/Xilinx/Vivado/2019.1/common/technology/autopilot -I D:/Xilinx/Vivado/2019.1/common/technology/autopilot/ap_sysc -include etc/autopilot_ssdm_op.h -D__DSP48E1__ -g -o D:/Aeld_data/IP_Creation/unique_paths/solution1/.autopilot/db/main.bc
Command       clang done; 1.814 sec.
INFO-FLOW: Linking Debug ...
Execute       llvm-ld D:/Aeld_data/IP_Creation/unique_paths/solution1/.autopilot/db/main.g.bc -hls-opt -except-internalize unique_paths -LD:/Xilinx/Vivado/2019.1/win64/lib -lhlsm -lhlsmc++ -o D:/Aeld_data/IP_Creation/unique_paths/solution1/.autopilot/db/a.g 
Command       llvm-ld done; 19.726 sec.
INFO: [HLS 200-111] Finished Linking Time (s): cpu = 00:00:01 ; elapsed = 00:00:35 . Memory (MB): peak = 184.895 ; gain = 93.438
INFO: [HLS 200-111] Finished Checking Pragmas Time (s): cpu = 00:00:01 ; elapsed = 00:00:35 . Memory (MB): peak = 184.895 ; gain = 93.438
Execute       get_config_sdx -target 
Execute       opt_and_import_c a -opt_level=2 -skip_syncheck=0 -ng=0 -keep_printf=0 
Execute         cleanup_all_models 
INFO: [HLS 200-10] Starting code transformations ...
Execute         transform -promote-dbg-pointer D:/Aeld_data/IP_Creation/unique_paths/solution1/.autopilot/db/a.pp.bc -o D:/Aeld_data/IP_Creation/unique_paths/solution1/.autopilot/db/a.pp.0.bc -f 
Command         transform done; 5.671 sec.
Execute         llvm-ld D:/Aeld_data/IP_Creation/unique_paths/solution1/.autopilot/db/a.pp.0.bc -disable-opt -LD:/Xilinx/Vivado/2019.1/win64/lib -lfloatconversion -o D:/Aeld_data/IP_Creation/unique_paths/solution1/.autopilot/db/a.g.0 
Command         llvm-ld done; 2.708 sec.
INFO-FLOW: Running Standard Transforms...
Execute         transform -hls -share-std-xform -demangle-name -inline-byval-memcpy -always-inline -promote-dbg-pointer -interface-preproc -mem2reg -scalarrepl -mem2reg -keep-read-access -instcombine -dce -promote-dbg-pointer -bitop-raise -loop-simplify -indvarspre -indvars -loop-simplify -xunroll -constprop -instcombine -simplifycfg -indvars -simplifycfg -dce -globaldce -basicaa -simplifycfg -mem2reg -globalopt -global-constprop -deadargelim -instcombine -simplifycfg -prune-eh -simplifycfg -scalarrepl -instcombine -reassociate -licm -simplifycfg -loop-simplify -indvars -instcombine -simplifycfg -mem2reg -loop-simplify -indvars -instcombine -gvn -gvn -instcombine -adce -break-crit-edges -simplifycfg -loop-delete -global-array-opt -dce -dse -adce -find-syn-modules -top unique_paths -deadargelim -mem2reg -instcombine -dce -presyn-prepare -auto-rom-infer -interface-preproc -syn-check -check-rec-only -find-region -simplifycfg -func-extr -function-inline -globaldce -mem2reg -instcombine -dce -gvn -globaldce -adce -adse -constprop -instcombine -bit-constprop -instcombine -dce -simplifycfg -bitop-raise -simplifycfg -dce -loop-delete -reassociate -globalopt -global-privatize -mem2reg -dce -global-constprop -pointer-simplify -constprop -dce -func-inst -deadargelim -auto-shift-reg-idiom -promote-dbg-pointer -norm-name D:/Aeld_data/IP_Creation/unique_paths/solution1/.autopilot/db/a.g.0.bc -o D:/Aeld_data/IP_Creation/unique_paths/solution1/.autopilot/db/a.g.1.bc -f -phase std-opt 
Command         transform done; 2.294 sec.
INFO: [HLS 200-111] Finished Standard Transforms Time (s): cpu = 00:00:01 ; elapsed = 00:00:46 . Memory (MB): peak = 184.895 ; gain = 93.438
INFO: [HLS 200-10] Checking synthesizability ...
INFO-FLOW: Checking Synthesizability 1/2..
Execute         transform -hls -syn-check -check-rec-only -disaggr -scalarrepl -norm-name -dce -mem2reg -instcombine -function-uniquify -directive-preproc -mem2reg -dse -dce -auto-rom-infer -dce -pag -array-normalize -instcombine -dce -warn-fifo-pointer -array-seg-normalize -instcombine -dce -array-flatten -instcombine -dce -array-burst -dce -deadargelim -promote-global-argument -simplifycfg -mem2reg -globaldce -dce -deadargelim -dce -instcombine -function-inline -globaldce -dce -doublePtrSimplify -doublePtrElim -dce -doublePtrSimplify -promote-dbg-pointer -dce -scalarrepl -dse -adse -instcombine -ptrLegalization -simplifycfg -dce -instcombine -pointer-simplify -ptrArgReplace -dce -instcombine -resolve-double-ptr -disaggr -scalarrepl -norm-name -dce -mem2reg -instcombine -ptrLegalization -simplifycfg -deadargelim -instcombine -dce -inst-simplify -function-uniquify -directive-preproc -mem2reg -dse -dce -globaldce -check-dspbuiltin D:/Aeld_data/IP_Creation/unique_paths/solution1/.autopilot/db/a.g.1.bc -o D:/Aeld_data/IP_Creation/unique_paths/solution1/.autopilot/db/a.g.2.prechk.bc -f 
Command         transform done; 0.592 sec.
INFO-FLOW: Checking Synthesizability 2/2..
Execute         transform -syn-check D:/Aeld_data/IP_Creation/unique_paths/solution1/.autopilot/db/a.g.2.prechk.bc -o D:/Aeld_data/IP_Creation/unique_paths/solution1/.autopilot/db/a.g.2.bc -f -phase syn-check 
INFO: [HLS 200-111] Finished Checking Synthesizability Time (s): cpu = 00:00:01 ; elapsed = 00:00:47 . Memory (MB): peak = 184.895 ; gain = 93.438
INFO-FLOW: Compiler optimizing ...
INFO-FLOW: Share syncheck's 1.bc for syn flow: copy D:/Aeld_data/IP_Creation/unique_paths/solution1/.autopilot/db/a.g.1.bc to D:/Aeld_data/IP_Creation/unique_paths/solution1/.autopilot/db/a.o.1.bc
INFO-FLOW: Presyn 1...
Execute         transform -hls -tmp D:/Aeld_data/IP_Creation/unique_paths/solution1/.autopilot/db -interface-port-rename -type-info -function-uniquify -directive-preproc -mem2reg -dse -dce -disaggr -scalarrepl -norm-name -deadargelim -mem2reg -instcombine -dce -simplifycfg -auto-rom-infer -dce -function-uniquify -resource-proc -clib-intrinsic-prepare -dce -func-buffer -dce -pag -array-normalize -func-legal -instcombine -gvn -constprop -dce -simplifycfg -mem2reg -globaldce -resolve-double-ptr -dce -deadargelim -dce -instcombine -ptrArgReplace -mem2reg -dce -array-seg-normalize -deadargelim -instcombine -dce -pointer-simplify -dce -port-alignment -dce -interface-preproc -data-pack -instcombine -dce -basicaa -aggr-aa -aggrmodref-aa -aggr-aa -gvn -gvn -basicaa -aggr-aa -aggrmodref-aa -aggr-aa -dse -adse -adce -loop-simplify -indvars -instcombine -gvn -loop-simplify -mem2reg -dce -find-region -instcombine -auto-loop-pipeline -inst-simplify -interface-preproc -cfgopt -instcombine -indvars -auto-loop-unroll -loop-simplify -loop-bound -xunroll -constprop -instcombine -simplifycfg -indvars -simplifycfg -dce -globaldce -clean-region -attach-range -gvn -inst-simplify -constprop -simplifycfg -dce -pointer-simplify -dce -globalopt -constprop -dce -array-promote -constprop -dce -ptrArgReplace -mem2reg -simplifycfg -dce -auto-par -instcombine -dce -array-transform-check -array-reshape -instcombine -simplifycfg -dce -ptrArgReplace -deadargelim -mem2reg -instcombine -simplifycfg -dce -indvars -loop-simplify -loop-bound -xunroll -constprop -instcombine -simplifycfg -indvars -simplifycfg -dce -globaldce -basicaa -aggr-aa -aggrmodref-aa -aggr-aa -dse -duplicate-dataflow-processes -globaldce -instcombine -array-partition -instcombine -simplifycfg -dce -ptrArgReplace -global-constprop -deadargelim -mem2reg -func-legal -dce -global-constprop -deadargelim -mem2reg -simplifycfg -dce -merge-param -deadargelim -globalopt -constprop -dce -array-promote -constprop -dce -ptrArgReplace -mem2reg -simplifycfg -dce -mem-intrinsic-preproc -dce -global-internalize -global-privatize -mem2reg -globaldce -promote-global-argument -ptrArgReplace -mem2reg -dce -globalopt -mergereturn -simplify-global-access -mem2reg -dce -pointer-simplify -dce -functionattrs -basicaa -aggr-aa -aggrmodref-aa -aggr-aa -gvn -gvn -basicaa -aggr-aa -aggrmodref-aa -aggr-aa -dse -adse -adce -dce -norm-name -function-inline -complex-op-raise -inst-simplify -globaldce -func-inst -constprop -instcombine -simplifycfg -dce -func-legal -dce -loop-bound -arraycheck -bitwidthmin -on-by-dataflow -loop-delete -instcombine -simplifycfg -globaldce -dce -gvn -deadargelim -dce -loop-simplify -clean-region -simplifycfg -propagate-stable-arguments -loop-stream -instcombine -simplifycfg -dce -globaldce -duplicate-dataflow-processes -stream-intrinsic-preproc -dce -check-ap-stream -loop-simplify -eliminate-keepreads -extract-dataflow-in-loop -loop-simplify -dce -gvn -deadargelim -dse -check-dataflow-syntax -legalize-stream-variable -legalize-global -extract-subproc -dce -dead-channel-elimination -canonicalize-gep -globaldce -dce -gvn -deadargelim -annotate-dataflow-channels -scalar-propagation -deadargelim -globaldce -mem2reg -check-dataflow-channels -function-stream -dce -globaldce -prop-fifo-spec -internal-stream-gen -canonicalize-gep -globaldce -dce -gvn -deadargelim -mergereturn -indvars -loop-simplify -instcombine -array-stream -array-seg-normalize -array-partition -func-legal -instcombine -simplifycfg -dce -bundle-memfifo-ops -deadargelim -function-uniquify -directive-preproc -mem2reg -dse -dce -group-axi-access -licm -simplifycfg -dce -loop-delete -norm-name D:/Aeld_data/IP_Creation/unique_paths/solution1/.autopilot/db/a.o.1.bc -o D:/Aeld_data/IP_Creation/unique_paths/solution1/.autopilot/db/a.o.1.tmp.bc -f 
INFO: [XFORM 203-501] Unrolling loop 'Loop-1' (unique_paths/main.c:13) in function 'unique_paths' partially with a factor of 2.
INFO: [XFORM 203-501] Unrolling loop 'Loop-2' (unique_paths/main.c:19) in function 'unique_paths' partially with a factor of 2.
INFO: [XFORM 203-501] Unrolling loop 'Loop-3.1' (unique_paths/main.c:27) in function 'unique_paths' partially with a factor of 2.
WARNING: [XFORM 203-104] Completely partitioning array 'dp' (unique_paths/main.c:10) accessed through non-constant indices on dimension 1 (unique_paths/main.c:43:6), which may result in long runtime and suboptimal QoR due to large multiplexers. Please consider wrapping the array access into a function or using a register file core instead.
INFO: [XFORM 203-101] Partitioning array 'dp' (unique_paths/main.c:10) in dimension 1 completely.
Command         transform done; 1.516 sec.
INFO-FLOW: Presyn 2...
Execute         transform -hls -keep-callgraph -scalarrepl -mem2reg -port-alignment -attach-range -dce -pipe-mux-gen -indvars -loop-bound -inst-simplify -instcombine -dce -merge-array-access -mem2reg -dce -clean-region -mergereturn -if-conv -instcombine -dce -constprop -basicaa -aggr-aa -aggrmodref-aa -aggr-aa -gvn -gvn -basicaa -aggr-aa -aggrmodref-aa -aggr-aa -dse -adse -adce -scalarrepl -mem2reg -global-constprop -deadargelim -deadargelim -instcombine -dce -simplifycfg -ptrArgReplace -mem2reg -function-inline -globaldce -mem2reg -instcombine -dce -expr-balance -instcombine -dce -bitwidthmin -interface-preproc -directive-preproc -inst-rectify -instcombine -dce -functionattrs -constprop -instcombine -bit-constprop -simplify-global-access -globalopt -globaldce -inst-simplify -instcombine -elimdeaddata -dce -loop-delete -simplifycfg -loop-simplify -auto-burst -norm-name D:/Aeld_data/IP_Creation/unique_paths/solution1/.autopilot/db/a.o.1.tmp.bc -o D:/Aeld_data/IP_Creation/unique_paths/solution1/.autopilot/db/a.o.2.bc -f -phase presyn 
INFO: [XFORM 203-401] Performing if-conversion on hyperblock from (unique_paths/main.c:37:4) to (unique_paths/main.c:45:4) in function 'unique_paths'... converting 5 basic blocks.
INFO: [XFORM 203-401] Performing if-conversion on hyperblock from (unique_paths/main.c:37:4) to (unique_paths/main.c:45:4) in function 'unique_paths'... converting 5 basic blocks.
Command         transform done; 1.984 sec.
INFO: [HLS 200-111] Finished Pre-synthesis Time (s): cpu = 00:00:03 ; elapsed = 00:00:51 . Memory (MB): peak = 184.895 ; gain = 93.438
INFO-FLOW: Building ssdm...
Execute         transform -hls -function-uniquify -auto-function-inline -globaldce -ptrArgReplace -mem2reg -dce -reset-lda -loop-simplify -indvars -licm -loop-dep -loop-bound -licm -loop-simplify -flattenloopnest -array-flatten -gvn -instcombine -dce -array-map -dce -func-legal -gvn -adce -instcombine -cfgopt -simplifycfg -loop-simplify -array-burst -promote-global-argument -dce -ptrLegalization -axi4-lower -array-seg-normalize -basicaa -aggrmodref-aa -globalsmodref-aa -aggr-aa -gvn -gvn -basicaa -aggrmodref-aa -globalsmodref-aa -aggr-aa -dse -adse -adce -licm -inst-simplify -dce -globaldce -instcombine -array-stream -eliminate-keepreads -instcombine -dce -deadargelim -doublePtrSimplify -doublePtrElim -dce -doublePtrSimplify -promote-dbg-pointer -dce -scalarrepl -mem2reg -disaggr -norm-name -mem2reg -instcombine -dse -adse -adce -ptrLegalization -dce -auto-rom-infer -array-flatten -dce -instcombine -check-doubleptr -loop-rot -constprop -cfgopt -simplifycfg -loop-simplify -indvars -pointer-simplify -dce -loop-bound -loop-simplify -loop-preproc -constprop -global-constprop -gvn -mem2reg -instcombine -dce -loop-bound -loop-merge -dce -bitwidthmin -deadargelim -dce -canonicalize-dataflow -dce -scalar-propagation -deadargelim -globaldce -mem2reg -read-loop-dep -interface-preproc -directive-preproc -interface-gen -bram-byte-enable -deadargelim -inst-simplify -dce -gvn -mem2reg -instcombine -dce -adse -loop-bound -instcombine -cfgopt -simplifycfg -loop-simplify -clean-region -io-protocol -find-region -mem2reg -bitop-raise -complex-op-raise -inst-simplify -inst-rectify -instcombine -adce -deadargelim -loop-simplify -phi-opt -bitop-raise -cfgopt -simplifycfg -strip-dead-prototypes -interface-lower -bitop-lower -intrinsic-lower -auto-function-inline -basicaa -aggrmodref-aa -globalsmodref-aa -aggr-aa -inst-simplify -simplifycfg -loop-simplify -mergereturn -inst-simplify -inst-rectify -dce -load-elim -bitop-lower -loop-rewind -pointer-simplify -dce -cfgopt -dce -loop-bound -loop-dep -read-loop-dep -dce -check-stream -norm-name -legalize -validate-dataflow -inst-clarity -bitwidth -dump-loop-dep-to-ir -check-all-ssdm -cdfg-build D:/Aeld_data/IP_Creation/unique_paths/solution1/.autopilot/db/a.o.2.bc -o D:/Aeld_data/IP_Creation/unique_paths/solution1/.autopilot/db/a.o.3.bc -f -phase build-ssdm 
WARNING: [XFORM 203-542] Cannot flatten a loop nest 'Loop-3' (unique_paths/main.c:25:6) in function 'unique_paths' : 

the outer loop is not a perfect loop because there is nontrivial logic before entering the inner loop.
Command         transform done; 6.106 sec.
INFO: [HLS 200-111] Finished Architecture Synthesis Time (s): cpu = 00:00:06 ; elapsed = 00:00:57 . Memory (MB): peak = 191.141 ; gain = 99.684
INFO-FLOW: Finish building internal data model.
Command       opt_and_import_c done; 21.315 sec.
Command     elaborate done; 54.218 sec.
Execute     autosyn -from_csynth_design=1 
INFO: [HLS 200-10] Starting hardware synthesis ...
INFO-FLOW: Synthesizing C/C++ design ...
INFO: [HLS 200-10] Synthesizing 'unique_paths' ...
Execute       ap_set_top_model unique_paths 
Execute       get_model_list unique_paths -filter all-wo-channel -topdown 
Execute       preproc_iomode -model unique_paths 
Execute       get_model_list unique_paths -filter all-wo-channel 
INFO-FLOW: Model list for configure: unique_paths
INFO-FLOW: Configuring Module : unique_paths ...
Execute       set_default_model unique_paths 
Execute       apply_spec_resource_limit unique_paths 
INFO-FLOW: Model list for preprocess: unique_paths
INFO-FLOW: Preprocessing Module: unique_paths ...
Execute       set_default_model unique_paths 
Execute       cdfg_preprocess -model unique_paths 
Command       cdfg_preprocess done; 2.055 sec.
Execute       rtl_gen_preprocess unique_paths 
INFO-FLOW: Model list for synthesis: unique_paths
INFO: [HLS 200-10] ----------------------------------------------------------------
INFO: [HLS 200-42] -- Implementing module 'unique_paths' 
INFO: [HLS 200-10] ----------------------------------------------------------------
Execute       set_default_model unique_paths 
Execute       schedule -model unique_paths 
INFO: [SCHED 204-11] Starting scheduling ...
INFO: [SCHED 204-61] Pipelining loop 'Loop 1'.
WARNING: [SCHED 204-68] The II Violation in module 'unique_paths' (Loop: Loop 1): Unable to enforce a carried dependence constraint (II = 1, distance = 1, offset = 1)
   between 'store' operation ('dp_99_addr_write_ln17', unique_paths/main.c:17) of constant 1 on array 'dp[99]', unique_paths/main.c:10 and 'store' operation ('dp_99_addr_write_ln17', unique_paths/main.c:17) of constant 1 on array 'dp[99]', unique_paths/main.c:10.
INFO: [SCHED 204-61] Pipelining result : Target II = 1, Final II = 2, Depth = 2.
INFO: [SCHED 204-61] Pipelining loop 'Loop 2'.
INFO: [SCHED 204-61] Pipelining result : Target II = 1, Final II = 1, Depth = 1.
INFO: [SCHED 204-61] Pipelining loop 'Loop 3.1'.
WARNING: [SCHED 204-68] The II Violation in module 'unique_paths' (Loop: Loop 3.1): Unable to enforce a carried dependence constraint (II = 1, distance = 1, offset = 1)
   between 'store' operation ('dp_0_addr_6_write_ln45', unique_paths/main.c:45) of variable 'add_ln45_1', unique_paths/main.c:45 on array 'dp[0]', unique_paths/main.c:10 and 'load' operation ('dp_0_load_2', unique_paths/main.c:43) on array 'dp[0]', unique_paths/main.c:10.
WARNING: [SCHED 204-68] The II Violation in module 'unique_paths' (Loop: Loop 3.1): Unable to enforce a carried dependence constraint (II = 2, distance = 1, offset = 1)
   between 'store' operation ('dp_0_addr_6_write_ln45', unique_paths/main.c:45) of variable 'add_ln45_1', unique_paths/main.c:45 on array 'dp[0]', unique_paths/main.c:10 and 'load' operation ('dp_0_load_2', unique_paths/main.c:43) on array 'dp[0]', unique_paths/main.c:10.
WARNING: [SCHED 204-68] The II Violation in module 'unique_paths' (Loop: Loop 3.1): Unable to enforce a carried dependence constraint (II = 3, distance = 1, offset = 1)
   between 'store' operation ('dp_0_addr_6_write_ln45', unique_paths/main.c:45) of variable 'add_ln45_1', unique_paths/main.c:45 on array 'dp[0]', unique_paths/main.c:10 and 'load' operation ('dp_0_load_2', unique_paths/main.c:43) on array 'dp[0]', unique_paths/main.c:10.
WARNING: [SCHED 204-68] The II Violation in module 'unique_paths' (Loop: Loop 3.1): Unable to enforce a carried dependence constraint (II = 4, distance = 1, offset = 1)
   between 'store' operation ('dp_0_addr_6_write_ln45', unique_paths/main.c:45) of variable 'add_ln45_1', unique_paths/main.c:45 on array 'dp[0]', unique_paths/main.c:10 and 'load' operation ('dp_0_load_2', unique_paths/main.c:43) on array 'dp[0]', unique_paths/main.c:10.
WARNING: [SCHED 204-68] The II Violation in module 'unique_paths' (Loop: Loop 3.1): Unable to enforce a carried dependence constraint (II = 5, distance = 1, offset = 1)
   between 'store' operation ('dp_0_addr_6_write_ln45', unique_paths/main.c:45) of variable 'add_ln45_1', unique_paths/main.c:45 on array 'dp[0]', unique_paths/main.c:10 and 'load' operation ('dp_0_load_2', unique_paths/main.c:43) on array 'dp[0]', unique_paths/main.c:10.
INFO: [SCHED 204-61] Pipelining result : Target II = 1, Final II = 6, Depth = 6.
INFO: [SCHED 204-11] Finished scheduling.
Command       schedule done; 14.713 sec.
INFO: [HLS 200-111]  Elapsed time: 73.804 seconds; current allocated memory: 156.967 MB.
Execute       syn_report -verbosereport -o D:/Aeld_data/IP_Creation/unique_paths/solution1/.autopilot/db/unique_paths.verbose.sched.rpt 
INFO: [HLS 200-434] Only 3 loops out of a total 4 loops have been pipelined in this design.
Command       syn_report done; 2.019 sec.
Execute       db_write -o D:/Aeld_data/IP_Creation/unique_paths/solution1/.autopilot/db/unique_paths.sched.adb -f 
Command       db_write done; 1.36 sec.
INFO-FLOW: Finish scheduling unique_paths.
Execute       set_default_model unique_paths 
Execute       bind -model unique_paths 
BIND OPTION: model=unique_paths
INFO: [BIND 205-100] Starting micro-architecture generation ...
INFO: [BIND 205-101] Performing variable lifetime analysis.
INFO: [BIND 205-101] Exploring resource sharing.
INFO: [BIND 205-101] Binding ...
INFO: [BIND 205-100] Finished micro-architecture generation.
Command       bind done; 2.112 sec.
INFO: [HLS 200-111]  Elapsed time: 5.54 seconds; current allocated memory: 164.935 MB.
Execute       syn_report -verbosereport -o D:/Aeld_data/IP_Creation/unique_paths/solution1/.autopilot/db/unique_paths.verbose.bind.rpt 
Command       syn_report done; 2.33 sec.
Execute       db_write -o D:/Aeld_data/IP_Creation/unique_paths/solution1/.autopilot/db/unique_paths.bind.adb -f 
Command       db_write done; 1.265 sec.
INFO-FLOW: Finish binding unique_paths.
Execute       get_model_list unique_paths -filter all-wo-channel 
INFO-FLOW: Preprocessing for RTLGen ...
Execute       rtl_gen_preprocess unique_paths 
INFO-FLOW: Model list for RTL generation: unique_paths
INFO: [HLS 200-10] ----------------------------------------------------------------
INFO: [HLS 200-10] -- Generating RTL for module 'unique_paths' 
INFO: [HLS 200-10] ----------------------------------------------------------------
Execute       get_config_rtl -module_prefix 
Execute       get_config_rtl -module_auto_prefix 
Execute       create_rtl_model unique_paths -vendor xilinx -mg_file D:/Aeld_data/IP_Creation/unique_paths/solution1/.autopilot/db/unique_paths.compgen.tcl 
INFO: [RTGEN 206-500] Setting interface mode on port 'unique_paths/n' to 's_axilite & ap_none'.
INFO: [RTGEN 206-500] Setting interface mode on port 'unique_paths/m' to 's_axilite & ap_none'.
INFO: [RTGEN 206-500] Setting interface mode on port 'unique_paths/ans' to 's_axilite & ap_vld'.
INFO: [RTGEN 206-500] Setting interface mode on function 'unique_paths' to 's_axilite & ap_ctrl_hs'.
INFO: [RTGEN 206-100] Bundling port 'return', 'n' and 'ans' to AXI-Lite port AXILiteS.
INFO: [SYN 201-210] Renamed object name 'unique_paths_mux_1007_32_1_1' to 'unique_paths_mux_bkb' due to the length limit 20
INFO: [RTGEN 206-100] Generating core module 'unique_paths_mux_bkb': 5 instance(s).
INFO: [RTGEN 206-100] Finished creating RTL model for 'unique_paths'.
Command       create_rtl_model done; 1.913 sec.
INFO: [HLS 200-111]  Elapsed time: 5.68 seconds; current allocated memory: 174.151 MB.
Execute       source D:/Aeld_data/IP_Creation/unique_paths/solution1/.autopilot/db/unique_paths.rtl_wrap.cfg.tcl 
Execute       gen_rtl unique_paths -istop -style xilinx -tracefl mytrace -tracefmt vcd -traceopt all -f -lang sc -o D:/Aeld_data/IP_Creation/unique_paths/solution1/syn/systemc/unique_paths -synmodules unique_paths 
Command       gen_rtl done; 0.111 sec.
Execute       gen_rtl unique_paths -istop -style xilinx -f -lang vhdl -o D:/Aeld_data/IP_Creation/unique_paths/solution1/syn/vhdl/unique_paths 
Command       gen_rtl done; 0.357 sec.
Execute       gen_rtl unique_paths -istop -style xilinx -f -lang vlog -o D:/Aeld_data/IP_Creation/unique_paths/solution1/syn/verilog/unique_paths 
Command       gen_rtl done; 0.205 sec.
Execute       syn_report -csynth -model unique_paths -o D:/Aeld_data/IP_Creation/unique_paths/solution1/syn/report/unique_paths_csynth.rpt 
Command       syn_report done; 0.19 sec.
Execute       syn_report -rtlxml -model unique_paths -o D:/Aeld_data/IP_Creation/unique_paths/solution1/syn/report/unique_paths_csynth.xml 
Command       syn_report done; 0.169 sec.
Execute       syn_report -verbosereport -model unique_paths -o D:/Aeld_data/IP_Creation/unique_paths/solution1/.autopilot/db/unique_paths.verbose.rpt 
Command       syn_report done; 2.115 sec.
Execute       db_write -model unique_paths -f -o D:/Aeld_data/IP_Creation/unique_paths/solution1/.autopilot/db/unique_paths.adb 
Command       db_write done; 1.67 sec.
Execute       gen_tb_info unique_paths -p D:/Aeld_data/IP_Creation/unique_paths/solution1/.autopilot/db -o D:/Aeld_data/IP_Creation/unique_paths/solution1/.autopilot/db/unique_paths 
Execute       export_constraint_db -f -tool general -o D:/Aeld_data/IP_Creation/unique_paths/solution1/.autopilot/db/unique_paths.constraint.tcl 
Execute       syn_report -designview -model unique_paths -o D:/Aeld_data/IP_Creation/unique_paths/solution1/.autopilot/db/unique_paths.design.xml 
Command       syn_report done; 0.349 sec.
Execute       get_config_rtl -disable_wave_debug 
Execute       syn_report -wcfg -model unique_paths -o D:/Aeld_data/IP_Creation/unique_paths/solution1/.autopilot/db/unique_paths_dataflow_ana.wcfg 
Execute       syn_report -protoinst -model unique_paths -o D:/Aeld_data/IP_Creation/unique_paths/solution1/.autopilot/db/unique_paths.protoinst 
Command       syn_report done; 0.183 sec.
Execute       get_config_debug -directory 
Execute       sc_get_clocks unique_paths 
Execute       get_config_export -vivado_clock 
Execute       sc_get_portdomain unique_paths 
INFO-FLOW: Model list for RTL component generation: unique_paths
INFO-FLOW: Handling components in module [unique_paths] ... 
Execute       source D:/Aeld_data/IP_Creation/unique_paths/solution1/.autopilot/db/unique_paths.compgen.tcl 
INFO-FLOW: Found component unique_paths_mux_bkb.
INFO-FLOW: Append model unique_paths_mux_bkb
INFO-FLOW: Found component unique_paths_dp_0.
INFO-FLOW: Append model unique_paths_dp_0
INFO-FLOW: Found component unique_paths_AXILiteS_s_axi.
INFO-FLOW: Append model unique_paths_AXILiteS_s_axi
INFO-FLOW: Append model unique_paths
INFO-FLOW: Generating RTL model list ...
INFO-FLOW: All models in this session: unique_paths_mux_bkb unique_paths_dp_0 unique_paths_AXILiteS_s_axi unique_paths
INFO-FLOW: To file: write model unique_paths_mux_bkb
INFO-FLOW: To file: write model unique_paths_dp_0
INFO-FLOW: To file: write model unique_paths_AXILiteS_s_axi
INFO-FLOW: To file: write model unique_paths
INFO-FLOW: Finished generating RTL model list.


INFO-FLOW: RTL Generation done.
INFO-FLOW: CAS Generation done.
INFO-FLOW: CBC Generation done.
INFO-FLOW: DBG:CMD: auto_generate_csynth_design
INFO-FLOW: DBG:CMD:     auto_generate --sim-model -phase csynth_design -d D:/Aeld_data/IP_Creation/unique_paths/solution1
Execute       source D:/Aeld_data/IP_Creation/unique_paths/solution1/.autopilot/db/global.setting.tcl 
INFO-FLOW: DBG:CMD: read_platform_lib D:/Aeld_data/IP_Creation/unique_paths/solution1/.autopilot/db/global.setting.tcl
Execute       source D:/Xilinx/Vivado/2019.1/common/technology/generic/autopilot/common.gen 
Execute         source D:/Xilinx/Vivado/2019.1/common/technology/generic/autopilot/APCoreGen.gen 
Command         ap_source done; 0.231 sec.
Command       ap_source done; 0.346 sec.
Execute       source D:/Xilinx/Vivado/2019.1/common/technology/generic/autopilot/op.gen 
Command       ap_source done; 0.184 sec.
Execute       source D:/Xilinx/Vivado/2019.1/common/technology/generic/autopilot/op_simcore.gen 
Execute       source D:/Xilinx/Vivado/2019.1/common/technology/generic/autopilot/interface.gen 
Execute       source D:/Aeld_data/IP_Creation/unique_paths/solution1/.autopilot/db/global.setting.tcl 
Execute       source D:/Xilinx/Vivado/2019.1/common/technology/xilinx/zynq/zynq.gen 
Execute         source D:/Xilinx/Vivado/2019.1/common/technology/xilinx/common/xilinx.gen 
Execute           source D:/Xilinx/Vivado/2019.1/common/technology/xilinx/interface/plb46.gen 
Execute           source D:/Xilinx/Vivado/2019.1/common/technology/xilinx/interface/fsl.gen 
Execute           source D:/Xilinx/Vivado/2019.1/common/technology/xilinx/interface/axi4.gen 
Execute           source D:/Xilinx/Vivado/2019.1/common/technology/xilinx/interface/nativeAXI4.gen 
Execute             source D:/Xilinx/Vivado/2019.1/common/technology/xilinx/interface/saxilite.gen 
Execute             source D:/Xilinx/Vivado/2019.1/common/technology/xilinx/interface/maxi.gen 
Command           ap_source done; 0.113 sec.
Execute           source D:/Xilinx/Vivado/2019.1/common/technology/xilinx/scripts/xilinxcoregen.gen 
Command           ap_source done; 0.2 sec.
Execute           source D:/Xilinx/Vivado/2019.1/common/technology/xilinx/interface/XilEDKCoreGen.gen 
Execute           source D:/Xilinx/Vivado/2019.1/common/technology/xilinx/ip/dds_compiler.gen 
Execute           source D:/Xilinx/Vivado/2019.1/common/technology/xilinx/ip/util.gen 
Execute           source D:/Xilinx/Vivado/2019.1/common/technology/xilinx/ip/xfft.gen 
Command           ap_source done; 0.29 sec.
Execute           source D:/Xilinx/Vivado/2019.1/common/technology/xilinx/ip/xfir.gen 
Execute           source D:/Xilinx/Vivado/2019.1/common/technology/xilinx/common/dsp48.gen 
Command         ap_source done; 0.861 sec.
Command       ap_source done; 0.861 sec.
Execute       source D:/Xilinx/Vivado/2019.1/common/technology/xilinx/zynq/zynq_fpv6.gen 
Execute         source D:/Xilinx/Vivado/2019.1/common/technology/xilinx/common/xilinx_fp.gen 
INFO-FLOW: DBG:CMD:   using AESL_AUTOCG::g_clock_period=10.000 (was NA)
INFO-FLOW: DBG:CMD:       generate_ip_cores sim=1 export=0 expOnly=0 dstVlogDir=syn/verilog
Execute       source D:/Aeld_data/IP_Creation/unique_paths/solution1/.autopilot/db/global.setting.tcl 
Execute       ap_part_info -name xc7z020-clg484-1 -data names -quiet 
Execute       ap_part_info -name xc7z020-clg484-1 -data info -quiet 
Execute       source D:/Aeld_data/IP_Creation/unique_paths/solution1/.autopilot/db/global.setting.tcl 
Execute       source D:/Aeld_data/IP_Creation/unique_paths/solution1/.autopilot/db/global.setting.tcl 
Execute       source D:/Aeld_data/IP_Creation/unique_paths/solution1/.autopilot/db/unique_paths.compgen.tcl 
Execute         ap_part_info -name xc7z020-clg484-1 -data names -quiet 
Execute         ap_part_info -name xc7z020-clg484-1 -data info -quiet 
INFO: [RTMG 210-278] Implementing memory 'unique_paths_dp_0_ram (RAM)' using block RAMs.
Execute         ap_part_info -name xc7z020-clg484-1 -data names -quiet 
Execute         ap_part_info -name xc7z020-clg484-1 -data info -quiet 
Execute         source ./AXILiteS.slave.tcl 
Execute         is_m_axi_addr64 
Command       ap_source done; 0.115 sec.
INFO-FLOW: DBG:CMD:     auto_generate -export -impltomg_flag -rtl both -tool Vivado -pcore_version 1.00.a -phase csynth_design -d D:/Aeld_data/IP_Creation/unique_paths/solution1
Execute       source D:/Aeld_data/IP_Creation/unique_paths/solution1/.autopilot/db/global.setting.tcl 
INFO-FLOW: DBG:CMD: read_platform_lib D:/Aeld_data/IP_Creation/unique_paths/solution1/.autopilot/db/global.setting.tcl
Execute       source D:/Xilinx/Vivado/2019.1/common/technology/generic/autopilot/common.gen 
Execute         source D:/Xilinx/Vivado/2019.1/common/technology/generic/autopilot/APCoreGen.gen 
Execute       source D:/Xilinx/Vivado/2019.1/common/technology/generic/autopilot/op.gen 
Execute       source D:/Xilinx/Vivado/2019.1/common/technology/generic/autopilot/op_simcore.gen 
Execute       source D:/Xilinx/Vivado/2019.1/common/technology/generic/autopilot/interface.gen 
Execute       source D:/Aeld_data/IP_Creation/unique_paths/solution1/.autopilot/db/global.setting.tcl 
Execute       source D:/Xilinx/Vivado/2019.1/common/technology/xilinx/zynq/zynq.gen 
Execute         source D:/Xilinx/Vivado/2019.1/common/technology/xilinx/common/xilinx.gen 
Execute           source D:/Xilinx/Vivado/2019.1/common/technology/xilinx/interface/plb46.gen 
Execute           source D:/Xilinx/Vivado/2019.1/common/technology/xilinx/interface/fsl.gen 
Execute           source D:/Xilinx/Vivado/2019.1/common/technology/xilinx/interface/axi4.gen 
Execute           source D:/Xilinx/Vivado/2019.1/common/technology/xilinx/interface/nativeAXI4.gen 
Execute             source D:/Xilinx/Vivado/2019.1/common/technology/xilinx/interface/saxilite.gen 
Execute             source D:/Xilinx/Vivado/2019.1/common/technology/xilinx/interface/maxi.gen 
Execute           source D:/Xilinx/Vivado/2019.1/common/technology/xilinx/scripts/xilinxcoregen.gen 
Execute           source D:/Xilinx/Vivado/2019.1/common/technology/xilinx/interface/XilEDKCoreGen.gen 
Execute           source D:/Xilinx/Vivado/2019.1/common/technology/xilinx/ip/dds_compiler.gen 
Execute           source D:/Xilinx/Vivado/2019.1/common/technology/xilinx/ip/util.gen 
Execute           source D:/Xilinx/Vivado/2019.1/common/technology/xilinx/ip/xfft.gen 
Execute           source D:/Xilinx/Vivado/2019.1/common/technology/xilinx/ip/xfir.gen 
Execute           source D:/Xilinx/Vivado/2019.1/common/technology/xilinx/common/dsp48.gen 
Command         ap_source done; 0.162 sec.
Command       ap_source done; 0.163 sec.
Execute       source D:/Xilinx/Vivado/2019.1/common/technology/xilinx/zynq/zynq_fpv6.gen 
Execute         source D:/Xilinx/Vivado/2019.1/common/technology/xilinx/common/xilinx_fp.gen 
INFO-FLOW: DBG:CMD:       initCTypeInfo top_module=unique_paths xml_exists=0
Execute       source D:/Aeld_data/IP_Creation/unique_paths/solution1/.autopilot/db/unique_paths.rtl_wrap.cfg.tcl 
Execute       source D:/Aeld_data/IP_Creation/unique_paths/solution1/.autopilot/db/unique_paths.rtl_wrap.cfg.tcl 
Execute       source D:/Aeld_data/IP_Creation/unique_paths/solution1/.autopilot/db/unique_paths.rtl_wrap.cfg.tcl 
Execute       source D:/Aeld_data/IP_Creation/unique_paths/solution1/.autopilot/db/unique_paths.tbgen.tcl 
Execute       source D:/Aeld_data/IP_Creation/unique_paths/solution1/.autopilot/db/unique_paths.tbgen.tcl 
INFO-FLOW: DBG:CMD:       export_impl_rtl
INFO-FLOW: DBG:CMD:       generate_ip_cores sim=0 export=0 expOnly=0 dstVlogDir=impl/.verilog
Execute       source D:/Aeld_data/IP_Creation/unique_paths/solution1/.autopilot/db/global.setting.tcl 
Execute       source D:/Aeld_data/IP_Creation/unique_paths/solution1/.autopilot/db/unique_paths.compgen.tcl 
INFO-FLOW: DBG:CMD:       generate_ip_cores sim=0 export=1 expOnly=1 dstVlogDir=impl/.pcores/verilog
Execute       source D:/Aeld_data/IP_Creation/unique_paths/solution1/.autopilot/db/global.setting.tcl 
Execute       source D:/Aeld_data/IP_Creation/unique_paths/solution1/.autopilot/db/unique_paths.compgen.tcl 
Execute         ap_part_info -name xc7z020-clg484-1 -data names -quiet 
Execute         ap_part_info -name xc7z020-clg484-1 -data info -quiet 
Execute         ap_part_info -name xc7z020-clg484-1 -data names -quiet 
Execute         ap_part_info -name xc7z020-clg484-1 -data info -quiet 
Execute         ap_part_info -name xc7z020-clg484-1 -data names -quiet 
Execute         ap_part_info -name xc7z020-clg484-1 -data info -quiet 
Execute         ap_part_info -name xc7z020-clg484-1 -data names -quiet 
Execute         ap_part_info -name xc7z020-clg484-1 -data info -quiet 
Execute         ap_part_info -name xc7z020-clg484-1 -data names -quiet 
Execute         ap_part_info -name xc7z020-clg484-1 -data info -quiet 
Execute         ap_part_info -name xc7z020-clg484-1 -data names -quiet 
Execute         ap_part_info -name xc7z020-clg484-1 -data info -quiet 
Command       ap_source done; 0.246 sec.
Execute       ap_part_info -name xc7z020-clg484-1 -data names -quiet 
Execute       ap_part_info -name xc7z020-clg484-1 -data info -quiet 
INFO-FLOW: DBG:CMD:       generate_ip_cores sim=0 export=0 expOnly=0 dstVlogDir=impl/.pcores/verilog_sim
Execute       source D:/Aeld_data/IP_Creation/unique_paths/solution1/.autopilot/db/global.setting.tcl 
Execute       source D:/Aeld_data/IP_Creation/unique_paths/solution1/.autopilot/db/unique_paths.compgen.tcl 
Execute       ap_part_info -name xc7z020-clg484-1 -data names -quiet 
Execute       ap_part_info -name xc7z020-clg484-1 -data info -quiet 
Execute       ap_part_info -name xc7z020-clg484-1 -data names -quiet 
Execute       ap_part_info -name xc7z020-clg484-1 -data info -quiet 
Execute       source D:/Aeld_data/IP_Creation/unique_paths/solution1/.autopilot/db/global.setting.tcl 
Execute       ap_part_info -name xc7z020-clg484-1 -data names -quiet 
Execute       ap_part_info -name xc7z020-clg484-1 -data info -quiet 
Execute       source D:/Aeld_data/IP_Creation/unique_paths/solution1/.autopilot/db/unique_paths.constraint.tcl 
Execute       source D:/Aeld_data/IP_Creation/unique_paths/solution1/.autopilot/db/unique_paths.tbgen.tcl 
INFO-FLOW: DBG:CMD:       hasPcoreIpAdapter=false #gSsdmPorts=0
INFO-FLOW: DBG:CMD: Skipping loadAnalyze_DB, #g_database=3
INFO-FLOW: DBG:CMD:       generate_json is_phase_csynth=1 g_has_adaptors=false generate_bd_files=0 #modelList=4 #gSsdmPorts=0
Execute       source D:/Xilinx/Vivado/2019.1/tps/tcl/tcllib1.11.1/fileutil/fileutil.tcl 
Execute       source D:/Aeld_data/IP_Creation/unique_paths/solution1/.autopilot/db/global.setting.tcl 
Execute       source D:/Aeld_data/IP_Creation/unique_paths/solution1/.autopilot/db/global.setting.tcl 
Execute       get_config_export -xo 
Execute       source D:/Aeld_data/IP_Creation/unique_paths/solution1/.autopilot/db/unique_paths.tbgen.tcl 
Execute       source D:/Aeld_data/IP_Creation/unique_paths/solution1/.autopilot/db/unique_paths.compgen.dataonly.tcl 
Execute       source D:/Aeld_data/IP_Creation/unique_paths/solution1/.autopilot/db/unique_paths.compgen.dataonly.tcl 
Execute       source D:/Aeld_data/IP_Creation/unique_paths/solution1/.autopilot/db/unique_paths.tbgen.tcl 
Execute       source D:/Aeld_data/IP_Creation/unique_paths/solution1/.autopilot/db/global.setting.tcl 
Execute       get_config_sdx -target 
Execute       source D:/Aeld_data/IP_Creation/unique_paths/solution1/.autopilot/db/unique_paths.rtl_wrap.cfg.tcl 
Execute       source D:/Aeld_data/IP_Creation/unique_paths/solution1/.autopilot/db/unique_paths.compgen.dataonly.tcl 
Execute       source D:/Aeld_data/IP_Creation/unique_paths/solution1/.autopilot/db/global.setting.tcl 
Execute       ap_part_info -name xc7z020-clg484-1 -data names -quiet 
Execute       ap_part_info -name xc7z020-clg484-1 -data info -quiet 
Execute       source D:/Aeld_data/IP_Creation/unique_paths/solution1/.autopilot/db/unique_paths.constraint.tcl 
Execute       sc_get_clocks unique_paths 
Execute       ap_part_info -name xc7z020-clg484-1 -data names -quiet 
Execute       ap_part_info -name xc7z020-clg484-1 -data info -quiet 
Execute       source D:/Aeld_data/IP_Creation/unique_paths/solution1/.autopilot/db/global.setting.tcl 
Execute       get_config_debug -directory 
Execute       source D:/Aeld_data/IP_Creation/unique_paths/solution1/.autopilot/db/unique_paths.tbgen.tcl 
Execute       get_config_sdx -target 
Execute       get_config_sdx -profile 
Execute       get_config_rtl -kernel_profile 
Execute       get_config_rtl -stall_sig_gen 
Execute       get_config_rtl -profile 
INFO-FLOW: DBG:CMD: add_json_sdx_info kernel file does not exist, skipping opencl info: D:/Aeld_data/IP_Creation/unique_paths/solution1/.autopilot/db/kernel.internal.xml
INFO-FLOW: DBG:CMD:       delete-temp-dirs (skipped for debug)
INFO: [HLS 200-111] Finished generating all RTL models Time (s): cpu = 00:00:29 ; elapsed = 00:01:36 . Memory (MB): peak = 270.133 ; gain = 178.676
INFO: [VHDL 208-304] Generating VHDL RTL for unique_paths.
INFO: [VLOG 209-307] Generating Verilog RTL for unique_paths.
Command     autosyn done; 39.257 sec.
Command   csynth_design done; 93.502 sec.
Command ap_source done; 95.541 sec.
Execute cleanup_all 
